running egg_info
writing ../build/ros_fairmot_package/ros_fairmot_package.egg-info/PKG-INFO
writing dependency_links to ../build/ros_fairmot_package/ros_fairmot_package.egg-info/dependency_links.txt
writing entry points to ../build/ros_fairmot_package/ros_fairmot_package.egg-info/entry_points.txt
writing requirements to ../build/ros_fairmot_package/ros_fairmot_package.egg-info/requires.txt
writing top-level names to ../build/ros_fairmot_package/ros_fairmot_package.egg-info/top_level.txt
reading manifest file '../build/ros_fairmot_package/ros_fairmot_package.egg-info/SOURCES.txt'
writing manifest file '../build/ros_fairmot_package/ros_fairmot_package.egg-info/SOURCES.txt'
running build
running build_py
copying ros_fairmot_package/fairmot_node.py -> /root/fairmot_package/build/ros_fairmot_package/build/lib/ros_fairmot_package
running install
running install_lib
copying /root/fairmot_package/build/ros_fairmot_package/build/lib/ros_fairmot_package/fairmot_node.py -> /root/fairmot_package/install/ros_fairmot_package/lib/python3.8/site-packages/ros_fairmot_package
byte-compiling /root/fairmot_package/install/ros_fairmot_package/lib/python3.8/site-packages/ros_fairmot_package/fairmot_node.py to fairmot_node.cpython-38.pyc
running install_data
running install_egg_info
removing '/root/fairmot_package/install/ros_fairmot_package/lib/python3.8/site-packages/ros_fairmot_package-0.0.0-py3.8.egg-info' (and everything under it)
Copying ../build/ros_fairmot_package/ros_fairmot_package.egg-info to /root/fairmot_package/install/ros_fairmot_package/lib/python3.8/site-packages/ros_fairmot_package-0.0.0-py3.8.egg-info
running install_scripts
Installing fairmot_node script to /root/fairmot_package/install/ros_fairmot_package/lib/ros_fairmot_package
writing list of installed files to '/root/fairmot_package/build/ros_fairmot_package/install.log'
