[0.347s] Invoking command in '/root/fairmot_package/ros_fairmot_package': PYTHONPATH=/root/fairmot_package/install/ros_fairmot_package/lib/python3.8/site-packages:${PYTHONPATH} /usr/bin/python3 setup.py egg_info --egg-base ../build/ros_fairmot_package build --build-base /root/fairmot_package/build/ros_fairmot_package/build install --prefix /root/fairmot_package/install/ros_fairmot_package --record /root/fairmot_package/build/ros_fairmot_package/install.log --single-version-externally-managed
[0.645s] running egg_info
[0.646s] writing ../build/ros_fairmot_package/ros_fairmot_package.egg-info/PKG-INFO
[0.646s] writing dependency_links to ../build/ros_fairmot_package/ros_fairmot_package.egg-info/dependency_links.txt
[0.646s] writing entry points to ../build/ros_fairmot_package/ros_fairmot_package.egg-info/entry_points.txt
[0.647s] writing requirements to ../build/ros_fairmot_package/ros_fairmot_package.egg-info/requires.txt
[0.647s] writing top-level names to ../build/ros_fairmot_package/ros_fairmot_package.egg-info/top_level.txt
[0.711s] reading manifest file '../build/ros_fairmot_package/ros_fairmot_package.egg-info/SOURCES.txt'
[0.713s] writing manifest file '../build/ros_fairmot_package/ros_fairmot_package.egg-info/SOURCES.txt'
[0.713s] running build
[0.713s] running build_py
[0.713s] copying ros_fairmot_package/fairmot_node.py -> /root/fairmot_package/build/ros_fairmot_package/build/lib/ros_fairmot_package
[0.714s] running install
[0.715s] running install_lib
[0.716s] copying /root/fairmot_package/build/ros_fairmot_package/build/lib/ros_fairmot_package/fairmot_node.py -> /root/fairmot_package/install/ros_fairmot_package/lib/python3.8/site-packages/ros_fairmot_package
[0.717s] byte-compiling /root/fairmot_package/install/ros_fairmot_package/lib/python3.8/site-packages/ros_fairmot_package/fairmot_node.py to fairmot_node.cpython-38.pyc
[0.720s] running install_data
[0.720s] running install_egg_info
[0.723s] removing '/root/fairmot_package/install/ros_fairmot_package/lib/python3.8/site-packages/ros_fairmot_package-0.0.0-py3.8.egg-info' (and everything under it)
[0.723s] Copying ../build/ros_fairmot_package/ros_fairmot_package.egg-info to /root/fairmot_package/install/ros_fairmot_package/lib/python3.8/site-packages/ros_fairmot_package-0.0.0-py3.8.egg-info
[0.725s] running install_scripts
[0.751s] Installing fairmot_node script to /root/fairmot_package/install/ros_fairmot_package/lib/ros_fairmot_package
[0.751s] writing list of installed files to '/root/fairmot_package/build/ros_fairmot_package/install.log'
[0.776s] Invoked command in '/root/fairmot_package/ros_fairmot_package' returned '0': PYTHONPATH=/root/fairmot_package/install/ros_fairmot_package/lib/python3.8/site-packages:${PYTHONPATH} /usr/bin/python3 setup.py egg_info --egg-base ../build/ros_fairmot_package build --build-base /root/fairmot_package/build/ros_fairmot_package/build install --prefix /root/fairmot_package/install/ros_fairmot_package --record /root/fairmot_package/build/ros_fairmot_package/install.log --single-version-externally-managed
