running egg_info
creating ../build/ros_fairmot_package/ros_fairmot_package.egg-info
writing ../build/ros_fairmot_package/ros_fairmot_package.egg-info/PKG-INFO
writing dependency_links to ../build/ros_fairmot_package/ros_fairmot_package.egg-info/dependency_links.txt
writing entry points to ../build/ros_fairmot_package/ros_fairmot_package.egg-info/entry_points.txt
writing requirements to ../build/ros_fairmot_package/ros_fairmot_package.egg-info/requires.txt
writing top-level names to ../build/ros_fairmot_package/ros_fairmot_package.egg-info/top_level.txt
writing manifest file '../build/ros_fairmot_package/ros_fairmot_package.egg-info/SOURCES.txt'
reading manifest file '../build/ros_fairmot_package/ros_fairmot_package.egg-info/SOURCES.txt'
writing manifest file '../build/ros_fairmot_package/ros_fairmot_package.egg-info/SOURCES.txt'
running build
running build_py
creating /root/fairmot_package/build/ros_fairmot_package/build
creating /root/fairmot_package/build/ros_fairmot_package/build/lib
creating /root/fairmot_package/build/ros_fairmot_package/build/lib/ros_fairmot_package
copying ros_fairmot_package/__init__.py -> /root/fairmot_package/build/ros_fairmot_package/build/lib/ros_fairmot_package
copying ros_fairmot_package/fairmot_node.py -> /root/fairmot_package/build/ros_fairmot_package/build/lib/ros_fairmot_package
running install
running install_lib
creating /root/fairmot_package/install/ros_fairmot_package/lib/python3.8/site-packages/ros_fairmot_package
copying /root/fairmot_package/build/ros_fairmot_package/build/lib/ros_fairmot_package/__init__.py -> /root/fairmot_package/install/ros_fairmot_package/lib/python3.8/site-packages/ros_fairmot_package
copying /root/fairmot_package/build/ros_fairmot_package/build/lib/ros_fairmot_package/fairmot_node.py -> /root/fairmot_package/install/ros_fairmot_package/lib/python3.8/site-packages/ros_fairmot_package
byte-compiling /root/fairmot_package/install/ros_fairmot_package/lib/python3.8/site-packages/ros_fairmot_package/__init__.py to __init__.cpython-38.pyc
byte-compiling /root/fairmot_package/install/ros_fairmot_package/lib/python3.8/site-packages/ros_fairmot_package/fairmot_node.py to fairmot_node.cpython-38.pyc
running install_data
creating /root/fairmot_package/install/ros_fairmot_package/share/ament_index
creating /root/fairmot_package/install/ros_fairmot_package/share/ament_index/resource_index
creating /root/fairmot_package/install/ros_fairmot_package/share/ament_index/resource_index/packages
copying resource/ros_fairmot_package -> /root/fairmot_package/install/ros_fairmot_package/share/ament_index/resource_index/packages
copying package.xml -> /root/fairmot_package/install/ros_fairmot_package/share/ros_fairmot_package
running install_egg_info
Copying ../build/ros_fairmot_package/ros_fairmot_package.egg-info to /root/fairmot_package/install/ros_fairmot_package/lib/python3.8/site-packages/ros_fairmot_package-0.0.0-py3.8.egg-info
running install_scripts
Installing fairmot_node script to /root/fairmot_package/install/ros_fairmot_package/lib/ros_fairmot_package
writing list of installed files to '/root/fairmot_package/build/ros_fairmot_package/install.log'
