[1.194s] DEBUG:colcon:Command line arguments: ['/usr/bin/colcon', 'build']
[1.194s] DEBUG:colcon:Parsed command line arguments: Namespace(ament_cmake_args=None, base_paths=['.'], build_base='build', catkin_cmake_args=None, catkin_skip_building_tests=False, cmake_args=None, cmake_clean_cache=False, cmake_clean_first=False, cmake_force_configure=False, cmake_target=None, cmake_target_skip_unavailable=False, continue_on_error=False, event_handlers=None, executor='parallel', ignore_user_meta=False, install_base='install', log_base=None, log_level=None, main=<bound method BuildVerb.main of <colcon_core.verb.build.BuildVerb object at 0x7fcdfa12d970>>, merge_install=False, metas=['./colcon.meta'], packages_above=None, packages_above_and_dependencies=None, packages_above_depth=None, packages_end=None, packages_ignore=None, packages_ignore_regex=None, packages_select=None, packages_select_build_failed=False, packages_select_by_dep=None, packages_select_regex=None, packages_select_test_failures=False, packages_skip=None, packages_skip_build_finished=False, packages_skip_by_dep=None, packages_skip_regex=None, packages_skip_test_passed=False, packages_skip_up_to=None, packages_start=None, packages_up_to=None, packages_up_to_regex=None, parallel_workers=8, paths=None, symlink_install=False, test_result_base=None, verb_extension=<colcon_core.verb.build.BuildVerb object at 0x7fcdfa12d970>, verb_name='build', verb_parser=<colcon_defaults.argument_parser.defaults.DefaultArgumentsDecorator object at 0x7fcdfa12dee0>)
[1.208s] Level 1:colcon.colcon_core.package_discovery:discover_packages(colcon_meta) check parameters
[1.209s] Level 1:colcon.colcon_core.package_discovery:discover_packages(recursive) check parameters
[1.209s] Level 1:colcon.colcon_core.package_discovery:discover_packages(ignore) check parameters
[1.209s] Level 1:colcon.colcon_core.package_discovery:discover_packages(path) check parameters
[1.209s] Level 1:colcon.colcon_core.package_discovery:discover_packages(colcon_meta) discover
[1.209s] Level 1:colcon.colcon_core.package_discovery:discover_packages(recursive) discover
[1.209s] INFO:colcon.colcon_core.package_discovery:Crawling recursively for packages in '/home/jiannaliu01/ros_fairmot_package'
[1.209s] Level 1:colcon.colcon_core.package_identification:_identify(.) by extensions ['ignore', 'ignore_ament_install']
[1.209s] Level 1:colcon.colcon_core.package_identification:_identify(.) by extension 'ignore'
[1.209s] Level 1:colcon.colcon_core.package_identification:_identify(.) by extension 'ignore_ament_install'
[1.209s] Level 1:colcon.colcon_core.package_identification:_identify(.) by extensions ['colcon_pkg']
[1.209s] Level 1:colcon.colcon_core.package_identification:_identify(.) by extension 'colcon_pkg'
[1.209s] Level 1:colcon.colcon_core.package_identification:_identify(.) by extensions ['colcon_meta']
[1.209s] Level 1:colcon.colcon_core.package_identification:_identify(.) by extension 'colcon_meta'
[1.209s] Level 1:colcon.colcon_core.package_identification:_identify(.) by extensions ['ros']
[1.209s] Level 1:colcon.colcon_core.package_identification:_identify(.) by extension 'ros'
[1.221s] Level 1:colcon.colcon_core.package_identification:_identify(.) by extensions ['cmake', 'python']
[1.221s] Level 1:colcon.colcon_core.package_identification:_identify(.) by extension 'cmake'
[1.221s] Level 1:colcon.colcon_core.package_identification:_identify(.) by extension 'python'
[1.221s] Level 1:colcon.colcon_core.package_identification:_identify(.) by extensions ['python_setup_py']
[1.221s] Level 1:colcon.colcon_core.package_identification:_identify(.) by extension 'python_setup_py'
[1.221s] Level 1:colcon.colcon_core.package_identification:_identify(ROS_FairMOT) by extensions ['ignore', 'ignore_ament_install']
[1.221s] Level 1:colcon.colcon_core.package_identification:_identify(ROS_FairMOT) by extension 'ignore'
[1.221s] Level 1:colcon.colcon_core.package_identification:_identify(ROS_FairMOT) by extension 'ignore_ament_install'
[1.221s] Level 1:colcon.colcon_core.package_identification:_identify(ROS_FairMOT) by extensions ['colcon_pkg']
[1.222s] Level 1:colcon.colcon_core.package_identification:_identify(ROS_FairMOT) by extension 'colcon_pkg'
[1.222s] Level 1:colcon.colcon_core.package_identification:_identify(ROS_FairMOT) by extensions ['colcon_meta']
[1.222s] Level 1:colcon.colcon_core.package_identification:_identify(ROS_FairMOT) by extension 'colcon_meta'
[1.222s] Level 1:colcon.colcon_core.package_identification:_identify(ROS_FairMOT) by extensions ['ros']
[1.222s] Level 1:colcon.colcon_core.package_identification:_identify(ROS_FairMOT) by extension 'ros'
[1.222s] Level 1:colcon.colcon_core.package_identification:_identify(ROS_FairMOT) by extensions ['cmake', 'python']
[1.222s] Level 1:colcon.colcon_core.package_identification:_identify(ROS_FairMOT) by extension 'cmake'
[1.222s] Level 1:colcon.colcon_core.package_identification:_identify(ROS_FairMOT) by extension 'python'
[1.222s] Level 1:colcon.colcon_core.package_identification:_identify(ROS_FairMOT) by extensions ['python_setup_py']
[1.222s] Level 1:colcon.colcon_core.package_identification:_identify(ROS_FairMOT) by extension 'python_setup_py'
[1.222s] Level 1:colcon.colcon_core.package_identification:_identify(ROS_FairMOT/src) by extensions ['ignore', 'ignore_ament_install']
[1.222s] Level 1:colcon.colcon_core.package_identification:_identify(ROS_FairMOT/src) by extension 'ignore'
[1.222s] Level 1:colcon.colcon_core.package_identification:_identify(ROS_FairMOT/src) by extension 'ignore_ament_install'
[1.222s] Level 1:colcon.colcon_core.package_identification:_identify(ROS_FairMOT/src) by extensions ['colcon_pkg']
[1.222s] Level 1:colcon.colcon_core.package_identification:_identify(ROS_FairMOT/src) by extension 'colcon_pkg'
[1.222s] Level 1:colcon.colcon_core.package_identification:_identify(ROS_FairMOT/src) by extensions ['colcon_meta']
[1.222s] Level 1:colcon.colcon_core.package_identification:_identify(ROS_FairMOT/src) by extension 'colcon_meta'
[1.222s] Level 1:colcon.colcon_core.package_identification:_identify(ROS_FairMOT/src) by extensions ['ros']
[1.222s] Level 1:colcon.colcon_core.package_identification:_identify(ROS_FairMOT/src) by extension 'ros'
[1.222s] Level 1:colcon.colcon_core.package_identification:_identify(ROS_FairMOT/src) by extensions ['cmake', 'python']
[1.223s] Level 1:colcon.colcon_core.package_identification:_identify(ROS_FairMOT/src) by extension 'cmake'
[1.223s] Level 1:colcon.colcon_core.package_identification:_identify(ROS_FairMOT/src) by extension 'python'
[1.223s] Level 1:colcon.colcon_core.package_identification:_identify(ROS_FairMOT/src) by extensions ['python_setup_py']
[1.223s] Level 1:colcon.colcon_core.package_identification:_identify(ROS_FairMOT/src) by extension 'python_setup_py'
[1.223s] Level 1:colcon.colcon_core.package_identification:_identify(ROS_FairMOT/src/__pycache__) by extensions ['ignore', 'ignore_ament_install']
[1.223s] Level 1:colcon.colcon_core.package_identification:_identify(ROS_FairMOT/src/__pycache__) by extension 'ignore'
[1.223s] Level 1:colcon.colcon_core.package_identification:_identify(ROS_FairMOT/src/__pycache__) by extension 'ignore_ament_install'
[1.223s] Level 1:colcon.colcon_core.package_identification:_identify(ROS_FairMOT/src/__pycache__) by extensions ['colcon_pkg']
[1.223s] Level 1:colcon.colcon_core.package_identification:_identify(ROS_FairMOT/src/__pycache__) by extension 'colcon_pkg'
[1.223s] Level 1:colcon.colcon_core.package_identification:_identify(ROS_FairMOT/src/__pycache__) by extensions ['colcon_meta']
[1.223s] Level 1:colcon.colcon_core.package_identification:_identify(ROS_FairMOT/src/__pycache__) by extension 'colcon_meta'
[1.223s] Level 1:colcon.colcon_core.package_identification:_identify(ROS_FairMOT/src/__pycache__) by extensions ['ros']
[1.223s] Level 1:colcon.colcon_core.package_identification:_identify(ROS_FairMOT/src/__pycache__) by extension 'ros'
[1.223s] Level 1:colcon.colcon_core.package_identification:_identify(ROS_FairMOT/src/__pycache__) by extensions ['cmake', 'python']
[1.223s] Level 1:colcon.colcon_core.package_identification:_identify(ROS_FairMOT/src/__pycache__) by extension 'cmake'
[1.223s] Level 1:colcon.colcon_core.package_identification:_identify(ROS_FairMOT/src/__pycache__) by extension 'python'
[1.223s] Level 1:colcon.colcon_core.package_identification:_identify(ROS_FairMOT/src/__pycache__) by extensions ['python_setup_py']
[1.223s] Level 1:colcon.colcon_core.package_identification:_identify(ROS_FairMOT/src/__pycache__) by extension 'python_setup_py'
[1.223s] Level 1:colcon.colcon_core.package_identification:_identify(ROS_FairMOT/src/data) by extensions ['ignore', 'ignore_ament_install']
[1.224s] Level 1:colcon.colcon_core.package_identification:_identify(ROS_FairMOT/src/data) by extension 'ignore'
[1.224s] Level 1:colcon.colcon_core.package_identification:_identify(ROS_FairMOT/src/data) by extension 'ignore_ament_install'
[1.224s] Level 1:colcon.colcon_core.package_identification:_identify(ROS_FairMOT/src/data) by extensions ['colcon_pkg']
[1.224s] Level 1:colcon.colcon_core.package_identification:_identify(ROS_FairMOT/src/data) by extension 'colcon_pkg'
[1.224s] Level 1:colcon.colcon_core.package_identification:_identify(ROS_FairMOT/src/data) by extensions ['colcon_meta']
[1.224s] Level 1:colcon.colcon_core.package_identification:_identify(ROS_FairMOT/src/data) by extension 'colcon_meta'
[1.224s] Level 1:colcon.colcon_core.package_identification:_identify(ROS_FairMOT/src/data) by extensions ['ros']
[1.224s] Level 1:colcon.colcon_core.package_identification:_identify(ROS_FairMOT/src/data) by extension 'ros'
[1.224s] Level 1:colcon.colcon_core.package_identification:_identify(ROS_FairMOT/src/data) by extensions ['cmake', 'python']
[1.224s] Level 1:colcon.colcon_core.package_identification:_identify(ROS_FairMOT/src/data) by extension 'cmake'
[1.224s] Level 1:colcon.colcon_core.package_identification:_identify(ROS_FairMOT/src/data) by extension 'python'
[1.224s] Level 1:colcon.colcon_core.package_identification:_identify(ROS_FairMOT/src/data) by extensions ['python_setup_py']
[1.224s] Level 1:colcon.colcon_core.package_identification:_identify(ROS_FairMOT/src/data) by extension 'python_setup_py'
[1.224s] Level 1:colcon.colcon_core.package_identification:_identify(ROS_FairMOT/src/lib) by extensions ['ignore', 'ignore_ament_install']
[1.224s] Level 1:colcon.colcon_core.package_identification:_identify(ROS_FairMOT/src/lib) by extension 'ignore'
[1.224s] Level 1:colcon.colcon_core.package_identification:_identify(ROS_FairMOT/src/lib) by extension 'ignore_ament_install'
[1.224s] Level 1:colcon.colcon_core.package_identification:_identify(ROS_FairMOT/src/lib) by extensions ['colcon_pkg']
[1.224s] Level 1:colcon.colcon_core.package_identification:_identify(ROS_FairMOT/src/lib) by extension 'colcon_pkg'
[1.224s] Level 1:colcon.colcon_core.package_identification:_identify(ROS_FairMOT/src/lib) by extensions ['colcon_meta']
[1.224s] Level 1:colcon.colcon_core.package_identification:_identify(ROS_FairMOT/src/lib) by extension 'colcon_meta'
[1.224s] Level 1:colcon.colcon_core.package_identification:_identify(ROS_FairMOT/src/lib) by extensions ['ros']
[1.225s] Level 1:colcon.colcon_core.package_identification:_identify(ROS_FairMOT/src/lib) by extension 'ros'
[1.225s] Level 1:colcon.colcon_core.package_identification:_identify(ROS_FairMOT/src/lib) by extensions ['cmake', 'python']
[1.225s] Level 1:colcon.colcon_core.package_identification:_identify(ROS_FairMOT/src/lib) by extension 'cmake'
[1.225s] Level 1:colcon.colcon_core.package_identification:_identify(ROS_FairMOT/src/lib) by extension 'python'
[1.225s] Level 1:colcon.colcon_core.package_identification:_identify(ROS_FairMOT/src/lib) by extensions ['python_setup_py']
[1.225s] Level 1:colcon.colcon_core.package_identification:_identify(ROS_FairMOT/src/lib) by extension 'python_setup_py'
[1.225s] Level 1:colcon.colcon_core.package_identification:_identify(ROS_FairMOT/src/lib/__pycache__) by extensions ['ignore', 'ignore_ament_install']
[1.225s] Level 1:colcon.colcon_core.package_identification:_identify(ROS_FairMOT/src/lib/__pycache__) by extension 'ignore'
[1.225s] Level 1:colcon.colcon_core.package_identification:_identify(ROS_FairMOT/src/lib/__pycache__) by extension 'ignore_ament_install'
[1.225s] Level 1:colcon.colcon_core.package_identification:_identify(ROS_FairMOT/src/lib/__pycache__) by extensions ['colcon_pkg']
[1.225s] Level 1:colcon.colcon_core.package_identification:_identify(ROS_FairMOT/src/lib/__pycache__) by extension 'colcon_pkg'
[1.225s] Level 1:colcon.colcon_core.package_identification:_identify(ROS_FairMOT/src/lib/__pycache__) by extensions ['colcon_meta']
[1.225s] Level 1:colcon.colcon_core.package_identification:_identify(ROS_FairMOT/src/lib/__pycache__) by extension 'colcon_meta'
[1.225s] Level 1:colcon.colcon_core.package_identification:_identify(ROS_FairMOT/src/lib/__pycache__) by extensions ['ros']
[1.225s] Level 1:colcon.colcon_core.package_identification:_identify(ROS_FairMOT/src/lib/__pycache__) by extension 'ros'
[1.225s] Level 1:colcon.colcon_core.package_identification:_identify(ROS_FairMOT/src/lib/__pycache__) by extensions ['cmake', 'python']
[1.225s] Level 1:colcon.colcon_core.package_identification:_identify(ROS_FairMOT/src/lib/__pycache__) by extension 'cmake'
[1.225s] Level 1:colcon.colcon_core.package_identification:_identify(ROS_FairMOT/src/lib/__pycache__) by extension 'python'
[1.226s] Level 1:colcon.colcon_core.package_identification:_identify(ROS_FairMOT/src/lib/__pycache__) by extensions ['python_setup_py']
[1.226s] Level 1:colcon.colcon_core.package_identification:_identify(ROS_FairMOT/src/lib/__pycache__) by extension 'python_setup_py'
[1.226s] Level 1:colcon.colcon_core.package_identification:_identify(ROS_FairMOT/src/lib/cfg) by extensions ['ignore', 'ignore_ament_install']
[1.226s] Level 1:colcon.colcon_core.package_identification:_identify(ROS_FairMOT/src/lib/cfg) by extension 'ignore'
[1.226s] Level 1:colcon.colcon_core.package_identification:_identify(ROS_FairMOT/src/lib/cfg) by extension 'ignore_ament_install'
[1.226s] Level 1:colcon.colcon_core.package_identification:_identify(ROS_FairMOT/src/lib/cfg) by extensions ['colcon_pkg']
[1.226s] Level 1:colcon.colcon_core.package_identification:_identify(ROS_FairMOT/src/lib/cfg) by extension 'colcon_pkg'
[1.226s] Level 1:colcon.colcon_core.package_identification:_identify(ROS_FairMOT/src/lib/cfg) by extensions ['colcon_meta']
[1.226s] Level 1:colcon.colcon_core.package_identification:_identify(ROS_FairMOT/src/lib/cfg) by extension 'colcon_meta'
[1.226s] Level 1:colcon.colcon_core.package_identification:_identify(ROS_FairMOT/src/lib/cfg) by extensions ['ros']
[1.226s] Level 1:colcon.colcon_core.package_identification:_identify(ROS_FairMOT/src/lib/cfg) by extension 'ros'
[1.226s] Level 1:colcon.colcon_core.package_identification:_identify(ROS_FairMOT/src/lib/cfg) by extensions ['cmake', 'python']
[1.226s] Level 1:colcon.colcon_core.package_identification:_identify(ROS_FairMOT/src/lib/cfg) by extension 'cmake'
[1.226s] Level 1:colcon.colcon_core.package_identification:_identify(ROS_FairMOT/src/lib/cfg) by extension 'python'
[1.226s] Level 1:colcon.colcon_core.package_identification:_identify(ROS_FairMOT/src/lib/cfg) by extensions ['python_setup_py']
[1.226s] Level 1:colcon.colcon_core.package_identification:_identify(ROS_FairMOT/src/lib/cfg) by extension 'python_setup_py'
[1.226s] Level 1:colcon.colcon_core.package_identification:_identify(ROS_FairMOT/src/lib/datasets) by extensions ['ignore', 'ignore_ament_install']
[1.226s] Level 1:colcon.colcon_core.package_identification:_identify(ROS_FairMOT/src/lib/datasets) by extension 'ignore'
[1.226s] Level 1:colcon.colcon_core.package_identification:_identify(ROS_FairMOT/src/lib/datasets) by extension 'ignore_ament_install'
[1.227s] Level 1:colcon.colcon_core.package_identification:_identify(ROS_FairMOT/src/lib/datasets) by extensions ['colcon_pkg']
[1.227s] Level 1:colcon.colcon_core.package_identification:_identify(ROS_FairMOT/src/lib/datasets) by extension 'colcon_pkg'
[1.227s] Level 1:colcon.colcon_core.package_identification:_identify(ROS_FairMOT/src/lib/datasets) by extensions ['colcon_meta']
[1.227s] Level 1:colcon.colcon_core.package_identification:_identify(ROS_FairMOT/src/lib/datasets) by extension 'colcon_meta'
[1.227s] Level 1:colcon.colcon_core.package_identification:_identify(ROS_FairMOT/src/lib/datasets) by extensions ['ros']
[1.227s] Level 1:colcon.colcon_core.package_identification:_identify(ROS_FairMOT/src/lib/datasets) by extension 'ros'
[1.227s] Level 1:colcon.colcon_core.package_identification:_identify(ROS_FairMOT/src/lib/datasets) by extensions ['cmake', 'python']
[1.227s] Level 1:colcon.colcon_core.package_identification:_identify(ROS_FairMOT/src/lib/datasets) by extension 'cmake'
[1.227s] Level 1:colcon.colcon_core.package_identification:_identify(ROS_FairMOT/src/lib/datasets) by extension 'python'
[1.227s] Level 1:colcon.colcon_core.package_identification:_identify(ROS_FairMOT/src/lib/datasets) by extensions ['python_setup_py']
[1.227s] Level 1:colcon.colcon_core.package_identification:_identify(ROS_FairMOT/src/lib/datasets) by extension 'python_setup_py'
[1.227s] Level 1:colcon.colcon_core.package_identification:_identify(ROS_FairMOT/src/lib/datasets/dataset) by extensions ['ignore', 'ignore_ament_install']
[1.228s] Level 1:colcon.colcon_core.package_identification:_identify(ROS_FairMOT/src/lib/datasets/dataset) by extension 'ignore'
[1.228s] Level 1:colcon.colcon_core.package_identification:_identify(ROS_FairMOT/src/lib/datasets/dataset) by extension 'ignore_ament_install'
[1.228s] Level 1:colcon.colcon_core.package_identification:_identify(ROS_FairMOT/src/lib/datasets/dataset) by extensions ['colcon_pkg']
[1.228s] Level 1:colcon.colcon_core.package_identification:_identify(ROS_FairMOT/src/lib/datasets/dataset) by extension 'colcon_pkg'
[1.228s] Level 1:colcon.colcon_core.package_identification:_identify(ROS_FairMOT/src/lib/datasets/dataset) by extensions ['colcon_meta']
[1.228s] Level 1:colcon.colcon_core.package_identification:_identify(ROS_FairMOT/src/lib/datasets/dataset) by extension 'colcon_meta'
[1.228s] Level 1:colcon.colcon_core.package_identification:_identify(ROS_FairMOT/src/lib/datasets/dataset) by extensions ['ros']
[1.228s] Level 1:colcon.colcon_core.package_identification:_identify(ROS_FairMOT/src/lib/datasets/dataset) by extension 'ros'
[1.228s] Level 1:colcon.colcon_core.package_identification:_identify(ROS_FairMOT/src/lib/datasets/dataset) by extensions ['cmake', 'python']
[1.228s] Level 1:colcon.colcon_core.package_identification:_identify(ROS_FairMOT/src/lib/datasets/dataset) by extension 'cmake'
[1.228s] Level 1:colcon.colcon_core.package_identification:_identify(ROS_FairMOT/src/lib/datasets/dataset) by extension 'python'
[1.228s] Level 1:colcon.colcon_core.package_identification:_identify(ROS_FairMOT/src/lib/datasets/dataset) by extensions ['python_setup_py']
[1.228s] Level 1:colcon.colcon_core.package_identification:_identify(ROS_FairMOT/src/lib/datasets/dataset) by extension 'python_setup_py'
[1.229s] Level 1:colcon.colcon_core.package_identification:_identify(ROS_FairMOT/src/lib/datasets/dataset/__pycache__) by extensions ['ignore', 'ignore_ament_install']
[1.229s] Level 1:colcon.colcon_core.package_identification:_identify(ROS_FairMOT/src/lib/datasets/dataset/__pycache__) by extension 'ignore'
[1.229s] Level 1:colcon.colcon_core.package_identification:_identify(ROS_FairMOT/src/lib/datasets/dataset/__pycache__) by extension 'ignore_ament_install'
[1.229s] Level 1:colcon.colcon_core.package_identification:_identify(ROS_FairMOT/src/lib/datasets/dataset/__pycache__) by extensions ['colcon_pkg']
[1.229s] Level 1:colcon.colcon_core.package_identification:_identify(ROS_FairMOT/src/lib/datasets/dataset/__pycache__) by extension 'colcon_pkg'
[1.229s] Level 1:colcon.colcon_core.package_identification:_identify(ROS_FairMOT/src/lib/datasets/dataset/__pycache__) by extensions ['colcon_meta']
[1.229s] Level 1:colcon.colcon_core.package_identification:_identify(ROS_FairMOT/src/lib/datasets/dataset/__pycache__) by extension 'colcon_meta'
[1.229s] Level 1:colcon.colcon_core.package_identification:_identify(ROS_FairMOT/src/lib/datasets/dataset/__pycache__) by extensions ['ros']
[1.229s] Level 1:colcon.colcon_core.package_identification:_identify(ROS_FairMOT/src/lib/datasets/dataset/__pycache__) by extension 'ros'
[1.229s] Level 1:colcon.colcon_core.package_identification:_identify(ROS_FairMOT/src/lib/datasets/dataset/__pycache__) by extensions ['cmake', 'python']
[1.229s] Level 1:colcon.colcon_core.package_identification:_identify(ROS_FairMOT/src/lib/datasets/dataset/__pycache__) by extension 'cmake'
[1.229s] Level 1:colcon.colcon_core.package_identification:_identify(ROS_FairMOT/src/lib/datasets/dataset/__pycache__) by extension 'python'
[1.229s] Level 1:colcon.colcon_core.package_identification:_identify(ROS_FairMOT/src/lib/datasets/dataset/__pycache__) by extensions ['python_setup_py']
[1.229s] Level 1:colcon.colcon_core.package_identification:_identify(ROS_FairMOT/src/lib/datasets/dataset/__pycache__) by extension 'python_setup_py'
[1.229s] Level 1:colcon.colcon_core.package_identification:_identify(ROS_FairMOT/src/lib/models) by extensions ['ignore', 'ignore_ament_install']
[1.229s] Level 1:colcon.colcon_core.package_identification:_identify(ROS_FairMOT/src/lib/models) by extension 'ignore'
[1.230s] Level 1:colcon.colcon_core.package_identification:_identify(ROS_FairMOT/src/lib/models) by extension 'ignore_ament_install'
[1.230s] Level 1:colcon.colcon_core.package_identification:_identify(ROS_FairMOT/src/lib/models) by extensions ['colcon_pkg']
[1.230s] Level 1:colcon.colcon_core.package_identification:_identify(ROS_FairMOT/src/lib/models) by extension 'colcon_pkg'
[1.230s] Level 1:colcon.colcon_core.package_identification:_identify(ROS_FairMOT/src/lib/models) by extensions ['colcon_meta']
[1.230s] Level 1:colcon.colcon_core.package_identification:_identify(ROS_FairMOT/src/lib/models) by extension 'colcon_meta'
[1.230s] Level 1:colcon.colcon_core.package_identification:_identify(ROS_FairMOT/src/lib/models) by extensions ['ros']
[1.230s] Level 1:colcon.colcon_core.package_identification:_identify(ROS_FairMOT/src/lib/models) by extension 'ros'
[1.230s] Level 1:colcon.colcon_core.package_identification:_identify(ROS_FairMOT/src/lib/models) by extensions ['cmake', 'python']
[1.230s] Level 1:colcon.colcon_core.package_identification:_identify(ROS_FairMOT/src/lib/models) by extension 'cmake'
[1.230s] Level 1:colcon.colcon_core.package_identification:_identify(ROS_FairMOT/src/lib/models) by extension 'python'
[1.230s] Level 1:colcon.colcon_core.package_identification:_identify(ROS_FairMOT/src/lib/models) by extensions ['python_setup_py']
[1.230s] Level 1:colcon.colcon_core.package_identification:_identify(ROS_FairMOT/src/lib/models) by extension 'python_setup_py'
[1.230s] Level 1:colcon.colcon_core.package_identification:_identify(ROS_FairMOT/src/lib/models/__pycache__) by extensions ['ignore', 'ignore_ament_install']
[1.230s] Level 1:colcon.colcon_core.package_identification:_identify(ROS_FairMOT/src/lib/models/__pycache__) by extension 'ignore'
[1.230s] Level 1:colcon.colcon_core.package_identification:_identify(ROS_FairMOT/src/lib/models/__pycache__) by extension 'ignore_ament_install'
[1.230s] Level 1:colcon.colcon_core.package_identification:_identify(ROS_FairMOT/src/lib/models/__pycache__) by extensions ['colcon_pkg']
[1.230s] Level 1:colcon.colcon_core.package_identification:_identify(ROS_FairMOT/src/lib/models/__pycache__) by extension 'colcon_pkg'
[1.230s] Level 1:colcon.colcon_core.package_identification:_identify(ROS_FairMOT/src/lib/models/__pycache__) by extensions ['colcon_meta']
[1.230s] Level 1:colcon.colcon_core.package_identification:_identify(ROS_FairMOT/src/lib/models/__pycache__) by extension 'colcon_meta'
[1.230s] Level 1:colcon.colcon_core.package_identification:_identify(ROS_FairMOT/src/lib/models/__pycache__) by extensions ['ros']
[1.230s] Level 1:colcon.colcon_core.package_identification:_identify(ROS_FairMOT/src/lib/models/__pycache__) by extension 'ros'
[1.231s] Level 1:colcon.colcon_core.package_identification:_identify(ROS_FairMOT/src/lib/models/__pycache__) by extensions ['cmake', 'python']
[1.231s] Level 1:colcon.colcon_core.package_identification:_identify(ROS_FairMOT/src/lib/models/__pycache__) by extension 'cmake'
[1.231s] Level 1:colcon.colcon_core.package_identification:_identify(ROS_FairMOT/src/lib/models/__pycache__) by extension 'python'
[1.231s] Level 1:colcon.colcon_core.package_identification:_identify(ROS_FairMOT/src/lib/models/__pycache__) by extensions ['python_setup_py']
[1.231s] Level 1:colcon.colcon_core.package_identification:_identify(ROS_FairMOT/src/lib/models/__pycache__) by extension 'python_setup_py'
[1.231s] Level 1:colcon.colcon_core.package_identification:_identify(ROS_FairMOT/src/lib/models/networks) by extensions ['ignore', 'ignore_ament_install']
[1.231s] Level 1:colcon.colcon_core.package_identification:_identify(ROS_FairMOT/src/lib/models/networks) by extension 'ignore'
[1.231s] Level 1:colcon.colcon_core.package_identification:_identify(ROS_FairMOT/src/lib/models/networks) by extension 'ignore_ament_install'
[1.231s] Level 1:colcon.colcon_core.package_identification:_identify(ROS_FairMOT/src/lib/models/networks) by extensions ['colcon_pkg']
[1.231s] Level 1:colcon.colcon_core.package_identification:_identify(ROS_FairMOT/src/lib/models/networks) by extension 'colcon_pkg'
[1.231s] Level 1:colcon.colcon_core.package_identification:_identify(ROS_FairMOT/src/lib/models/networks) by extensions ['colcon_meta']
[1.231s] Level 1:colcon.colcon_core.package_identification:_identify(ROS_FairMOT/src/lib/models/networks) by extension 'colcon_meta'
[1.231s] Level 1:colcon.colcon_core.package_identification:_identify(ROS_FairMOT/src/lib/models/networks) by extensions ['ros']
[1.231s] Level 1:colcon.colcon_core.package_identification:_identify(ROS_FairMOT/src/lib/models/networks) by extension 'ros'
[1.231s] Level 1:colcon.colcon_core.package_identification:_identify(ROS_FairMOT/src/lib/models/networks) by extensions ['cmake', 'python']
[1.231s] Level 1:colcon.colcon_core.package_identification:_identify(ROS_FairMOT/src/lib/models/networks) by extension 'cmake'
[1.231s] Level 1:colcon.colcon_core.package_identification:_identify(ROS_FairMOT/src/lib/models/networks) by extension 'python'
[1.231s] Level 1:colcon.colcon_core.package_identification:_identify(ROS_FairMOT/src/lib/models/networks) by extensions ['python_setup_py']
[1.231s] Level 1:colcon.colcon_core.package_identification:_identify(ROS_FairMOT/src/lib/models/networks) by extension 'python_setup_py'
[1.231s] Level 1:colcon.colcon_core.package_identification:_identify(ROS_FairMOT/src/lib/models/networks/__pycache__) by extensions ['ignore', 'ignore_ament_install']
[1.232s] Level 1:colcon.colcon_core.package_identification:_identify(ROS_FairMOT/src/lib/models/networks/__pycache__) by extension 'ignore'
[1.232s] Level 1:colcon.colcon_core.package_identification:_identify(ROS_FairMOT/src/lib/models/networks/__pycache__) by extension 'ignore_ament_install'
[1.232s] Level 1:colcon.colcon_core.package_identification:_identify(ROS_FairMOT/src/lib/models/networks/__pycache__) by extensions ['colcon_pkg']
[1.232s] Level 1:colcon.colcon_core.package_identification:_identify(ROS_FairMOT/src/lib/models/networks/__pycache__) by extension 'colcon_pkg'
[1.232s] Level 1:colcon.colcon_core.package_identification:_identify(ROS_FairMOT/src/lib/models/networks/__pycache__) by extensions ['colcon_meta']
[1.232s] Level 1:colcon.colcon_core.package_identification:_identify(ROS_FairMOT/src/lib/models/networks/__pycache__) by extension 'colcon_meta'
[1.232s] Level 1:colcon.colcon_core.package_identification:_identify(ROS_FairMOT/src/lib/models/networks/__pycache__) by extensions ['ros']
[1.232s] Level 1:colcon.colcon_core.package_identification:_identify(ROS_FairMOT/src/lib/models/networks/__pycache__) by extension 'ros'
[1.232s] Level 1:colcon.colcon_core.package_identification:_identify(ROS_FairMOT/src/lib/models/networks/__pycache__) by extensions ['cmake', 'python']
[1.232s] Level 1:colcon.colcon_core.package_identification:_identify(ROS_FairMOT/src/lib/models/networks/__pycache__) by extension 'cmake'
[1.232s] Level 1:colcon.colcon_core.package_identification:_identify(ROS_FairMOT/src/lib/models/networks/__pycache__) by extension 'python'
[1.232s] Level 1:colcon.colcon_core.package_identification:_identify(ROS_FairMOT/src/lib/models/networks/__pycache__) by extensions ['python_setup_py']
[1.232s] Level 1:colcon.colcon_core.package_identification:_identify(ROS_FairMOT/src/lib/models/networks/__pycache__) by extension 'python_setup_py'
[1.232s] Level 1:colcon.colcon_core.package_identification:_identify(ROS_FairMOT/src/lib/models/networks/config) by extensions ['ignore', 'ignore_ament_install']
[1.232s] Level 1:colcon.colcon_core.package_identification:_identify(ROS_FairMOT/src/lib/models/networks/config) by extension 'ignore'
[1.232s] Level 1:colcon.colcon_core.package_identification:_identify(ROS_FairMOT/src/lib/models/networks/config) by extension 'ignore_ament_install'
[1.232s] Level 1:colcon.colcon_core.package_identification:_identify(ROS_FairMOT/src/lib/models/networks/config) by extensions ['colcon_pkg']
[1.232s] Level 1:colcon.colcon_core.package_identification:_identify(ROS_FairMOT/src/lib/models/networks/config) by extension 'colcon_pkg'
[1.232s] Level 1:colcon.colcon_core.package_identification:_identify(ROS_FairMOT/src/lib/models/networks/config) by extensions ['colcon_meta']
[1.233s] Level 1:colcon.colcon_core.package_identification:_identify(ROS_FairMOT/src/lib/models/networks/config) by extension 'colcon_meta'
[1.233s] Level 1:colcon.colcon_core.package_identification:_identify(ROS_FairMOT/src/lib/models/networks/config) by extensions ['ros']
[1.233s] Level 1:colcon.colcon_core.package_identification:_identify(ROS_FairMOT/src/lib/models/networks/config) by extension 'ros'
[1.233s] Level 1:colcon.colcon_core.package_identification:_identify(ROS_FairMOT/src/lib/models/networks/config) by extensions ['cmake', 'python']
[1.233s] Level 1:colcon.colcon_core.package_identification:_identify(ROS_FairMOT/src/lib/models/networks/config) by extension 'cmake'
[1.233s] Level 1:colcon.colcon_core.package_identification:_identify(ROS_FairMOT/src/lib/models/networks/config) by extension 'python'
[1.233s] Level 1:colcon.colcon_core.package_identification:_identify(ROS_FairMOT/src/lib/models/networks/config) by extensions ['python_setup_py']
[1.233s] Level 1:colcon.colcon_core.package_identification:_identify(ROS_FairMOT/src/lib/models/networks/config) by extension 'python_setup_py'
[1.233s] Level 1:colcon.colcon_core.package_identification:_identify(ROS_FairMOT/src/lib/models/networks/config/__pycache__) by extensions ['ignore', 'ignore_ament_install']
[1.233s] Level 1:colcon.colcon_core.package_identification:_identify(ROS_FairMOT/src/lib/models/networks/config/__pycache__) by extension 'ignore'
[1.233s] Level 1:colcon.colcon_core.package_identification:_identify(ROS_FairMOT/src/lib/models/networks/config/__pycache__) by extension 'ignore_ament_install'
[1.233s] Level 1:colcon.colcon_core.package_identification:_identify(ROS_FairMOT/src/lib/models/networks/config/__pycache__) by extensions ['colcon_pkg']
[1.233s] Level 1:colcon.colcon_core.package_identification:_identify(ROS_FairMOT/src/lib/models/networks/config/__pycache__) by extension 'colcon_pkg'
[1.233s] Level 1:colcon.colcon_core.package_identification:_identify(ROS_FairMOT/src/lib/models/networks/config/__pycache__) by extensions ['colcon_meta']
[1.233s] Level 1:colcon.colcon_core.package_identification:_identify(ROS_FairMOT/src/lib/models/networks/config/__pycache__) by extension 'colcon_meta'
[1.233s] Level 1:colcon.colcon_core.package_identification:_identify(ROS_FairMOT/src/lib/models/networks/config/__pycache__) by extensions ['ros']
[1.234s] Level 1:colcon.colcon_core.package_identification:_identify(ROS_FairMOT/src/lib/models/networks/config/__pycache__) by extension 'ros'
[1.234s] Level 1:colcon.colcon_core.package_identification:_identify(ROS_FairMOT/src/lib/models/networks/config/__pycache__) by extensions ['cmake', 'python']
[1.234s] Level 1:colcon.colcon_core.package_identification:_identify(ROS_FairMOT/src/lib/models/networks/config/__pycache__) by extension 'cmake'
[1.234s] Level 1:colcon.colcon_core.package_identification:_identify(ROS_FairMOT/src/lib/models/networks/config/__pycache__) by extension 'python'
[1.234s] Level 1:colcon.colcon_core.package_identification:_identify(ROS_FairMOT/src/lib/models/networks/config/__pycache__) by extensions ['python_setup_py']
[1.234s] Level 1:colcon.colcon_core.package_identification:_identify(ROS_FairMOT/src/lib/models/networks/config/__pycache__) by extension 'python_setup_py'
[1.234s] Level 1:colcon.colcon_core.package_identification:_identify(ROS_FairMOT/src/lib/tracker) by extensions ['ignore', 'ignore_ament_install']
[1.234s] Level 1:colcon.colcon_core.package_identification:_identify(ROS_FairMOT/src/lib/tracker) by extension 'ignore'
[1.234s] Level 1:colcon.colcon_core.package_identification:_identify(ROS_FairMOT/src/lib/tracker) by extension 'ignore_ament_install'
[1.234s] Level 1:colcon.colcon_core.package_identification:_identify(ROS_FairMOT/src/lib/tracker) by extensions ['colcon_pkg']
[1.234s] Level 1:colcon.colcon_core.package_identification:_identify(ROS_FairMOT/src/lib/tracker) by extension 'colcon_pkg'
[1.234s] Level 1:colcon.colcon_core.package_identification:_identify(ROS_FairMOT/src/lib/tracker) by extensions ['colcon_meta']
[1.234s] Level 1:colcon.colcon_core.package_identification:_identify(ROS_FairMOT/src/lib/tracker) by extension 'colcon_meta'
[1.234s] Level 1:colcon.colcon_core.package_identification:_identify(ROS_FairMOT/src/lib/tracker) by extensions ['ros']
[1.234s] Level 1:colcon.colcon_core.package_identification:_identify(ROS_FairMOT/src/lib/tracker) by extension 'ros'
[1.234s] Level 1:colcon.colcon_core.package_identification:_identify(ROS_FairMOT/src/lib/tracker) by extensions ['cmake', 'python']
[1.234s] Level 1:colcon.colcon_core.package_identification:_identify(ROS_FairMOT/src/lib/tracker) by extension 'cmake'
[1.234s] Level 1:colcon.colcon_core.package_identification:_identify(ROS_FairMOT/src/lib/tracker) by extension 'python'
[1.234s] Level 1:colcon.colcon_core.package_identification:_identify(ROS_FairMOT/src/lib/tracker) by extensions ['python_setup_py']
[1.235s] Level 1:colcon.colcon_core.package_identification:_identify(ROS_FairMOT/src/lib/tracker) by extension 'python_setup_py'
[1.235s] Level 1:colcon.colcon_core.package_identification:_identify(ROS_FairMOT/src/lib/tracker/__pycache__) by extensions ['ignore', 'ignore_ament_install']
[1.235s] Level 1:colcon.colcon_core.package_identification:_identify(ROS_FairMOT/src/lib/tracker/__pycache__) by extension 'ignore'
[1.235s] Level 1:colcon.colcon_core.package_identification:_identify(ROS_FairMOT/src/lib/tracker/__pycache__) by extension 'ignore_ament_install'
[1.235s] Level 1:colcon.colcon_core.package_identification:_identify(ROS_FairMOT/src/lib/tracker/__pycache__) by extensions ['colcon_pkg']
[1.235s] Level 1:colcon.colcon_core.package_identification:_identify(ROS_FairMOT/src/lib/tracker/__pycache__) by extension 'colcon_pkg'
[1.235s] Level 1:colcon.colcon_core.package_identification:_identify(ROS_FairMOT/src/lib/tracker/__pycache__) by extensions ['colcon_meta']
[1.235s] Level 1:colcon.colcon_core.package_identification:_identify(ROS_FairMOT/src/lib/tracker/__pycache__) by extension 'colcon_meta'
[1.235s] Level 1:colcon.colcon_core.package_identification:_identify(ROS_FairMOT/src/lib/tracker/__pycache__) by extensions ['ros']
[1.235s] Level 1:colcon.colcon_core.package_identification:_identify(ROS_FairMOT/src/lib/tracker/__pycache__) by extension 'ros'
[1.235s] Level 1:colcon.colcon_core.package_identification:_identify(ROS_FairMOT/src/lib/tracker/__pycache__) by extensions ['cmake', 'python']
[1.235s] Level 1:colcon.colcon_core.package_identification:_identify(ROS_FairMOT/src/lib/tracker/__pycache__) by extension 'cmake'
[1.235s] Level 1:colcon.colcon_core.package_identification:_identify(ROS_FairMOT/src/lib/tracker/__pycache__) by extension 'python'
[1.235s] Level 1:colcon.colcon_core.package_identification:_identify(ROS_FairMOT/src/lib/tracker/__pycache__) by extensions ['python_setup_py']
[1.235s] Level 1:colcon.colcon_core.package_identification:_identify(ROS_FairMOT/src/lib/tracker/__pycache__) by extension 'python_setup_py'
[1.235s] Level 1:colcon.colcon_core.package_identification:_identify(ROS_FairMOT/src/lib/tracking_utils) by extensions ['ignore', 'ignore_ament_install']
[1.235s] Level 1:colcon.colcon_core.package_identification:_identify(ROS_FairMOT/src/lib/tracking_utils) by extension 'ignore'
[1.235s] Level 1:colcon.colcon_core.package_identification:_identify(ROS_FairMOT/src/lib/tracking_utils) by extension 'ignore_ament_install'
[1.235s] Level 1:colcon.colcon_core.package_identification:_identify(ROS_FairMOT/src/lib/tracking_utils) by extensions ['colcon_pkg']
[1.236s] Level 1:colcon.colcon_core.package_identification:_identify(ROS_FairMOT/src/lib/tracking_utils) by extension 'colcon_pkg'
[1.236s] Level 1:colcon.colcon_core.package_identification:_identify(ROS_FairMOT/src/lib/tracking_utils) by extensions ['colcon_meta']
[1.236s] Level 1:colcon.colcon_core.package_identification:_identify(ROS_FairMOT/src/lib/tracking_utils) by extension 'colcon_meta'
[1.236s] Level 1:colcon.colcon_core.package_identification:_identify(ROS_FairMOT/src/lib/tracking_utils) by extensions ['ros']
[1.236s] Level 1:colcon.colcon_core.package_identification:_identify(ROS_FairMOT/src/lib/tracking_utils) by extension 'ros'
[1.236s] Level 1:colcon.colcon_core.package_identification:_identify(ROS_FairMOT/src/lib/tracking_utils) by extensions ['cmake', 'python']
[1.236s] Level 1:colcon.colcon_core.package_identification:_identify(ROS_FairMOT/src/lib/tracking_utils) by extension 'cmake'
[1.236s] Level 1:colcon.colcon_core.package_identification:_identify(ROS_FairMOT/src/lib/tracking_utils) by extension 'python'
[1.236s] Level 1:colcon.colcon_core.package_identification:_identify(ROS_FairMOT/src/lib/tracking_utils) by extensions ['python_setup_py']
[1.236s] Level 1:colcon.colcon_core.package_identification:_identify(ROS_FairMOT/src/lib/tracking_utils) by extension 'python_setup_py'
[1.236s] Level 1:colcon.colcon_core.package_identification:_identify(ROS_FairMOT/src/lib/tracking_utils/__pycache__) by extensions ['ignore', 'ignore_ament_install']
[1.236s] Level 1:colcon.colcon_core.package_identification:_identify(ROS_FairMOT/src/lib/tracking_utils/__pycache__) by extension 'ignore'
[1.236s] Level 1:colcon.colcon_core.package_identification:_identify(ROS_FairMOT/src/lib/tracking_utils/__pycache__) by extension 'ignore_ament_install'
[1.236s] Level 1:colcon.colcon_core.package_identification:_identify(ROS_FairMOT/src/lib/tracking_utils/__pycache__) by extensions ['colcon_pkg']
[1.236s] Level 1:colcon.colcon_core.package_identification:_identify(ROS_FairMOT/src/lib/tracking_utils/__pycache__) by extension 'colcon_pkg'
[1.236s] Level 1:colcon.colcon_core.package_identification:_identify(ROS_FairMOT/src/lib/tracking_utils/__pycache__) by extensions ['colcon_meta']
[1.236s] Level 1:colcon.colcon_core.package_identification:_identify(ROS_FairMOT/src/lib/tracking_utils/__pycache__) by extension 'colcon_meta'
[1.236s] Level 1:colcon.colcon_core.package_identification:_identify(ROS_FairMOT/src/lib/tracking_utils/__pycache__) by extensions ['ros']
[1.236s] Level 1:colcon.colcon_core.package_identification:_identify(ROS_FairMOT/src/lib/tracking_utils/__pycache__) by extension 'ros'
[1.237s] Level 1:colcon.colcon_core.package_identification:_identify(ROS_FairMOT/src/lib/tracking_utils/__pycache__) by extensions ['cmake', 'python']
[1.237s] Level 1:colcon.colcon_core.package_identification:_identify(ROS_FairMOT/src/lib/tracking_utils/__pycache__) by extension 'cmake'
[1.237s] Level 1:colcon.colcon_core.package_identification:_identify(ROS_FairMOT/src/lib/tracking_utils/__pycache__) by extension 'python'
[1.237s] Level 1:colcon.colcon_core.package_identification:_identify(ROS_FairMOT/src/lib/tracking_utils/__pycache__) by extensions ['python_setup_py']
[1.237s] Level 1:colcon.colcon_core.package_identification:_identify(ROS_FairMOT/src/lib/tracking_utils/__pycache__) by extension 'python_setup_py'
[1.237s] Level 1:colcon.colcon_core.package_identification:_identify(ROS_FairMOT/src/lib/trains) by extensions ['ignore', 'ignore_ament_install']
[1.237s] Level 1:colcon.colcon_core.package_identification:_identify(ROS_FairMOT/src/lib/trains) by extension 'ignore'
[1.237s] Level 1:colcon.colcon_core.package_identification:_identify(ROS_FairMOT/src/lib/trains) by extension 'ignore_ament_install'
[1.237s] Level 1:colcon.colcon_core.package_identification:_identify(ROS_FairMOT/src/lib/trains) by extensions ['colcon_pkg']
[1.237s] Level 1:colcon.colcon_core.package_identification:_identify(ROS_FairMOT/src/lib/trains) by extension 'colcon_pkg'
[1.237s] Level 1:colcon.colcon_core.package_identification:_identify(ROS_FairMOT/src/lib/trains) by extensions ['colcon_meta']
[1.237s] Level 1:colcon.colcon_core.package_identification:_identify(ROS_FairMOT/src/lib/trains) by extension 'colcon_meta'
[1.237s] Level 1:colcon.colcon_core.package_identification:_identify(ROS_FairMOT/src/lib/trains) by extensions ['ros']
[1.237s] Level 1:colcon.colcon_core.package_identification:_identify(ROS_FairMOT/src/lib/trains) by extension 'ros'
[1.237s] Level 1:colcon.colcon_core.package_identification:_identify(ROS_FairMOT/src/lib/trains) by extensions ['cmake', 'python']
[1.237s] Level 1:colcon.colcon_core.package_identification:_identify(ROS_FairMOT/src/lib/trains) by extension 'cmake'
[1.237s] Level 1:colcon.colcon_core.package_identification:_identify(ROS_FairMOT/src/lib/trains) by extension 'python'
[1.237s] Level 1:colcon.colcon_core.package_identification:_identify(ROS_FairMOT/src/lib/trains) by extensions ['python_setup_py']
[1.237s] Level 1:colcon.colcon_core.package_identification:_identify(ROS_FairMOT/src/lib/trains) by extension 'python_setup_py'
[1.238s] Level 1:colcon.colcon_core.package_identification:_identify(ROS_FairMOT/src/lib/utils) by extensions ['ignore', 'ignore_ament_install']
[1.238s] Level 1:colcon.colcon_core.package_identification:_identify(ROS_FairMOT/src/lib/utils) by extension 'ignore'
[1.238s] Level 1:colcon.colcon_core.package_identification:_identify(ROS_FairMOT/src/lib/utils) by extension 'ignore_ament_install'
[1.238s] Level 1:colcon.colcon_core.package_identification:_identify(ROS_FairMOT/src/lib/utils) by extensions ['colcon_pkg']
[1.238s] Level 1:colcon.colcon_core.package_identification:_identify(ROS_FairMOT/src/lib/utils) by extension 'colcon_pkg'
[1.238s] Level 1:colcon.colcon_core.package_identification:_identify(ROS_FairMOT/src/lib/utils) by extensions ['colcon_meta']
[1.238s] Level 1:colcon.colcon_core.package_identification:_identify(ROS_FairMOT/src/lib/utils) by extension 'colcon_meta'
[1.238s] Level 1:colcon.colcon_core.package_identification:_identify(ROS_FairMOT/src/lib/utils) by extensions ['ros']
[1.238s] Level 1:colcon.colcon_core.package_identification:_identify(ROS_FairMOT/src/lib/utils) by extension 'ros'
[1.238s] Level 1:colcon.colcon_core.package_identification:_identify(ROS_FairMOT/src/lib/utils) by extensions ['cmake', 'python']
[1.238s] Level 1:colcon.colcon_core.package_identification:_identify(ROS_FairMOT/src/lib/utils) by extension 'cmake'
[1.238s] Level 1:colcon.colcon_core.package_identification:_identify(ROS_FairMOT/src/lib/utils) by extension 'python'
[1.238s] Level 1:colcon.colcon_core.package_identification:_identify(ROS_FairMOT/src/lib/utils) by extensions ['python_setup_py']
[1.238s] Level 1:colcon.colcon_core.package_identification:_identify(ROS_FairMOT/src/lib/utils) by extension 'python_setup_py'
[1.238s] Level 1:colcon.colcon_core.package_identification:_identify(ROS_FairMOT/src/lib/utils/__pycache__) by extensions ['ignore', 'ignore_ament_install']
[1.238s] Level 1:colcon.colcon_core.package_identification:_identify(ROS_FairMOT/src/lib/utils/__pycache__) by extension 'ignore'
[1.238s] Level 1:colcon.colcon_core.package_identification:_identify(ROS_FairMOT/src/lib/utils/__pycache__) by extension 'ignore_ament_install'
[1.238s] Level 1:colcon.colcon_core.package_identification:_identify(ROS_FairMOT/src/lib/utils/__pycache__) by extensions ['colcon_pkg']
[1.238s] Level 1:colcon.colcon_core.package_identification:_identify(ROS_FairMOT/src/lib/utils/__pycache__) by extension 'colcon_pkg'
[1.238s] Level 1:colcon.colcon_core.package_identification:_identify(ROS_FairMOT/src/lib/utils/__pycache__) by extensions ['colcon_meta']
[1.239s] Level 1:colcon.colcon_core.package_identification:_identify(ROS_FairMOT/src/lib/utils/__pycache__) by extension 'colcon_meta'
[1.239s] Level 1:colcon.colcon_core.package_identification:_identify(ROS_FairMOT/src/lib/utils/__pycache__) by extensions ['ros']
[1.239s] Level 1:colcon.colcon_core.package_identification:_identify(ROS_FairMOT/src/lib/utils/__pycache__) by extension 'ros'
[1.239s] Level 1:colcon.colcon_core.package_identification:_identify(ROS_FairMOT/src/lib/utils/__pycache__) by extensions ['cmake', 'python']
[1.239s] Level 1:colcon.colcon_core.package_identification:_identify(ROS_FairMOT/src/lib/utils/__pycache__) by extension 'cmake'
[1.239s] Level 1:colcon.colcon_core.package_identification:_identify(ROS_FairMOT/src/lib/utils/__pycache__) by extension 'python'
[1.239s] Level 1:colcon.colcon_core.package_identification:_identify(ROS_FairMOT/src/lib/utils/__pycache__) by extensions ['python_setup_py']
[1.239s] Level 1:colcon.colcon_core.package_identification:_identify(ROS_FairMOT/src/lib/utils/__pycache__) by extension 'python_setup_py'
[1.239s] Level 1:colcon.colcon_core.package_identification:_identify(build) by extensions ['ignore', 'ignore_ament_install']
[1.239s] Level 1:colcon.colcon_core.package_identification:_identify(build) by extension 'ignore'
[1.239s] Level 1:colcon.colcon_core.package_identification:_identify(build) ignored
[1.239s] Level 1:colcon.colcon_core.package_identification:_identify(install) by extensions ['ignore', 'ignore_ament_install']
[1.239s] Level 1:colcon.colcon_core.package_identification:_identify(install) by extension 'ignore'
[1.239s] Level 1:colcon.colcon_core.package_identification:_identify(install) ignored
[1.239s] Level 1:colcon.colcon_core.package_identification:_identify(log) by extensions ['ignore', 'ignore_ament_install']
[1.240s] Level 1:colcon.colcon_core.package_identification:_identify(log) by extension 'ignore'
[1.240s] Level 1:colcon.colcon_core.package_identification:_identify(log) ignored
[1.240s] Level 1:colcon.colcon_core.package_identification:_identify(src) by extensions ['ignore', 'ignore_ament_install']
[1.240s] Level 1:colcon.colcon_core.package_identification:_identify(src) by extension 'ignore'
[1.240s] Level 1:colcon.colcon_core.package_identification:_identify(src) by extension 'ignore_ament_install'
[1.240s] Level 1:colcon.colcon_core.package_identification:_identify(src) by extensions ['colcon_pkg']
[1.240s] Level 1:colcon.colcon_core.package_identification:_identify(src) by extension 'colcon_pkg'
[1.240s] Level 1:colcon.colcon_core.package_identification:_identify(src) by extensions ['colcon_meta']
[1.240s] Level 1:colcon.colcon_core.package_identification:_identify(src) by extension 'colcon_meta'
[1.240s] Level 1:colcon.colcon_core.package_identification:_identify(src) by extensions ['ros']
[1.240s] Level 1:colcon.colcon_core.package_identification:_identify(src) by extension 'ros'
[1.240s] Level 1:colcon.colcon_core.package_identification:_identify(src) by extensions ['cmake', 'python']
[1.240s] Level 1:colcon.colcon_core.package_identification:_identify(src) by extension 'cmake'
[1.240s] Level 1:colcon.colcon_core.package_identification:_identify(src) by extension 'python'
[1.240s] Level 1:colcon.colcon_core.package_identification:_identify(src) by extensions ['python_setup_py']
[1.240s] Level 1:colcon.colcon_core.package_identification:_identify(src) by extension 'python_setup_py'
[1.240s] Level 1:colcon.colcon_core.package_identification:_identify(src/ros_fairmot_package) by extensions ['ignore', 'ignore_ament_install']
[1.240s] Level 1:colcon.colcon_core.package_identification:_identify(src/ros_fairmot_package) by extension 'ignore'
[1.240s] Level 1:colcon.colcon_core.package_identification:_identify(src/ros_fairmot_package) by extension 'ignore_ament_install'
[1.241s] Level 1:colcon.colcon_core.package_identification:_identify(src/ros_fairmot_package) by extensions ['colcon_pkg']
[1.241s] Level 1:colcon.colcon_core.package_identification:_identify(src/ros_fairmot_package) by extension 'colcon_pkg'
[1.241s] Level 1:colcon.colcon_core.package_identification:_identify(src/ros_fairmot_package) by extensions ['colcon_meta']
[1.241s] Level 1:colcon.colcon_core.package_identification:_identify(src/ros_fairmot_package) by extension 'colcon_meta'
[1.241s] Level 1:colcon.colcon_core.package_identification:_identify(src/ros_fairmot_package) by extensions ['ros']
[1.241s] Level 1:colcon.colcon_core.package_identification:_identify(src/ros_fairmot_package) by extension 'ros'
[1.405s] DEBUG:colcon.colcon_core.package_identification:Package 'src/ros_fairmot_package' with type 'ros.ament_python' and name 'ros_fairmot_package'
[1.405s] Level 1:colcon.colcon_core.package_discovery:discover_packages(recursive) using defaults
[1.405s] Level 1:colcon.colcon_core.package_discovery:discover_packages(ignore) discover
[1.405s] Level 1:colcon.colcon_core.package_discovery:discover_packages(ignore) using defaults
[1.405s] Level 1:colcon.colcon_core.package_discovery:discover_packages(path) discover
[1.405s] Level 1:colcon.colcon_core.package_discovery:discover_packages(path) using defaults
[1.438s] Level 5:colcon.colcon_core.verb:set package 'ros_fairmot_package' build argument 'cmake_args' from command line to 'None'
[1.438s] Level 5:colcon.colcon_core.verb:set package 'ros_fairmot_package' build argument 'cmake_target' from command line to 'None'
[1.438s] Level 5:colcon.colcon_core.verb:set package 'ros_fairmot_package' build argument 'cmake_target_skip_unavailable' from command line to 'False'
[1.438s] Level 5:colcon.colcon_core.verb:set package 'ros_fairmot_package' build argument 'cmake_clean_cache' from command line to 'False'
[1.438s] Level 5:colcon.colcon_core.verb:set package 'ros_fairmot_package' build argument 'cmake_clean_first' from command line to 'False'
[1.438s] Level 5:colcon.colcon_core.verb:set package 'ros_fairmot_package' build argument 'cmake_force_configure' from command line to 'False'
[1.438s] Level 5:colcon.colcon_core.verb:set package 'ros_fairmot_package' build argument 'ament_cmake_args' from command line to 'None'
[1.438s] Level 5:colcon.colcon_core.verb:set package 'ros_fairmot_package' build argument 'catkin_cmake_args' from command line to 'None'
[1.438s] Level 5:colcon.colcon_core.verb:set package 'ros_fairmot_package' build argument 'catkin_skip_building_tests' from command line to 'False'
[1.438s] DEBUG:colcon.colcon_core.verb:Building package 'ros_fairmot_package' with the following arguments: {'ament_cmake_args': None, 'build_base': '/home/jiannaliu01/ros_fairmot_package/build/ros_fairmot_package', 'catkin_cmake_args': None, 'catkin_skip_building_tests': False, 'cmake_args': None, 'cmake_clean_cache': False, 'cmake_clean_first': False, 'cmake_force_configure': False, 'cmake_target': None, 'cmake_target_skip_unavailable': False, 'install_base': '/home/jiannaliu01/ros_fairmot_package/install/ros_fairmot_package', 'merge_install': False, 'path': '/home/jiannaliu01/ros_fairmot_package/src/ros_fairmot_package', 'symlink_install': False, 'test_result_base': None}
[1.438s] INFO:colcon.colcon_core.executor:Executing jobs using 'parallel' executor
[1.440s] DEBUG:colcon.colcon_parallel_executor.executor.parallel:run_until_complete
[1.441s] INFO:colcon.colcon_ros.task.ament_python.build:Building ROS package in '/home/jiannaliu01/ros_fairmot_package/src/ros_fairmot_package' with build type 'ament_python'
[1.441s] Level 1:colcon.colcon_core.shell:create_environment_hook('ros_fairmot_package', 'ament_prefix_path')
[1.454s] INFO:colcon.colcon_core.plugin_system:Skipping extension 'colcon_core.shell.bat': Not used on non-Windows systems
[1.454s] INFO:colcon.colcon_core.shell:Creating environment hook '/home/jiannaliu01/ros_fairmot_package/install/ros_fairmot_package/share/ros_fairmot_package/hook/ament_prefix_path.ps1'
[1.456s] INFO:colcon.colcon_core.shell:Creating environment descriptor '/home/jiannaliu01/ros_fairmot_package/install/ros_fairmot_package/share/ros_fairmot_package/hook/ament_prefix_path.dsv'
[1.468s] INFO:colcon.colcon_core.shell:Creating environment hook '/home/jiannaliu01/ros_fairmot_package/install/ros_fairmot_package/share/ros_fairmot_package/hook/ament_prefix_path.sh'
[1.480s] INFO:colcon.colcon_core.shell:Skip shell extension 'powershell' for command environment: Not usable outside of PowerShell
[1.480s] DEBUG:colcon.colcon_core.shell:Skip shell extension 'dsv' for command environment
[1.485s] DEBUG:colcon.colcon_core.shell:Ignoring prefix path '/opt/ros/foxy'
[1.980s] INFO:colcon.colcon_core.task.python.build:Building Python package in '/home/jiannaliu01/ros_fairmot_package/src/ros_fairmot_package'
[1.982s] INFO:colcon.colcon_core.shell:Skip shell extension 'powershell' for command environment: Not usable outside of PowerShell
[1.982s] DEBUG:colcon.colcon_core.shell:Skip shell extension 'dsv' for command environment
[1.983s] DEBUG:colcon.colcon_core.shell:Ignoring prefix path '/opt/ros/foxy'
[1.993s] DEBUG:colcon.colcon_core.event_handler.log_command:Invoking command in '/home/jiannaliu01/ros_fairmot_package/src/ros_fairmot_package': CONDA_PROMPT_MODIFIER=(base) PYTHONPATH=/home/jiannaliu01/ros_fairmot_package/install/ros_fairmot_package/lib/python3.8/site-packages:${PYTHONPATH} /usr/bin/python3 setup.py egg_info --egg-base ../../build/ros_fairmot_package build --build-base /home/jiannaliu01/ros_fairmot_package/build/ros_fairmot_package/build install --prefix /home/jiannaliu01/ros_fairmot_package/install/ros_fairmot_package --record /home/jiannaliu01/ros_fairmot_package/build/ros_fairmot_package/install.log --single-version-externally-managed
[2.847s] DEBUG:colcon.colcon_core.event_handler.log_command:Invoked command in '/home/jiannaliu01/ros_fairmot_package/src/ros_fairmot_package' returned '0': CONDA_PROMPT_MODIFIER=(base) PYTHONPATH=/home/jiannaliu01/ros_fairmot_package/install/ros_fairmot_package/lib/python3.8/site-packages:${PYTHONPATH} /usr/bin/python3 setup.py egg_info --egg-base ../../build/ros_fairmot_package build --build-base /home/jiannaliu01/ros_fairmot_package/build/ros_fairmot_package/build install --prefix /home/jiannaliu01/ros_fairmot_package/install/ros_fairmot_package --record /home/jiannaliu01/ros_fairmot_package/build/ros_fairmot_package/install.log --single-version-externally-managed
[2.861s] Level 1:colcon.colcon_core.environment:checking '/home/jiannaliu01/ros_fairmot_package/install/ros_fairmot_package' for CMake module files
[2.861s] Level 1:colcon.colcon_core.environment:checking '/home/jiannaliu01/ros_fairmot_package/install/ros_fairmot_package' for CMake config files
[2.862s] Level 1:colcon.colcon_core.environment:checking '/home/jiannaliu01/ros_fairmot_package/install/ros_fairmot_package/lib'
[2.862s] Level 1:colcon.colcon_core.environment:checking '/home/jiannaliu01/ros_fairmot_package/install/ros_fairmot_package/bin'
[2.862s] Level 1:colcon.colcon_core.environment:checking '/home/jiannaliu01/ros_fairmot_package/install/ros_fairmot_package/lib/pkgconfig/ros_fairmot_package.pc'
[2.862s] Level 1:colcon.colcon_core.environment:checking '/home/jiannaliu01/ros_fairmot_package/install/ros_fairmot_package/lib/python3.8/site-packages'
[2.862s] Level 1:colcon.colcon_core.shell:create_environment_hook('ros_fairmot_package', 'pythonpath')
[2.863s] INFO:colcon.colcon_core.shell:Creating environment hook '/home/jiannaliu01/ros_fairmot_package/install/ros_fairmot_package/share/ros_fairmot_package/hook/pythonpath.ps1'
[2.864s] INFO:colcon.colcon_core.shell:Creating environment descriptor '/home/jiannaliu01/ros_fairmot_package/install/ros_fairmot_package/share/ros_fairmot_package/hook/pythonpath.dsv'
[2.864s] INFO:colcon.colcon_core.shell:Creating environment hook '/home/jiannaliu01/ros_fairmot_package/install/ros_fairmot_package/share/ros_fairmot_package/hook/pythonpath.sh'
[2.864s] Level 1:colcon.colcon_core.environment:create_environment_scripts_only(ros_fairmot_package)
[2.865s] INFO:colcon.colcon_core.shell:Creating package script '/home/jiannaliu01/ros_fairmot_package/install/ros_fairmot_package/share/ros_fairmot_package/package.ps1'
[2.868s] INFO:colcon.colcon_core.shell:Creating package descriptor '/home/jiannaliu01/ros_fairmot_package/install/ros_fairmot_package/share/ros_fairmot_package/package.dsv'
[2.870s] INFO:colcon.colcon_core.shell:Creating package script '/home/jiannaliu01/ros_fairmot_package/install/ros_fairmot_package/share/ros_fairmot_package/package.sh'
[2.871s] INFO:colcon.colcon_core.shell:Creating package script '/home/jiannaliu01/ros_fairmot_package/install/ros_fairmot_package/share/ros_fairmot_package/package.bash'
[2.891s] INFO:colcon.colcon_core.shell:Creating package script '/home/jiannaliu01/ros_fairmot_package/install/ros_fairmot_package/share/ros_fairmot_package/package.zsh'
[2.899s] Level 1:colcon.colcon_core.environment:create_file_with_runtime_dependencies(/home/jiannaliu01/ros_fairmot_package/install/ros_fairmot_package/share/colcon-core/packages/ros_fairmot_package)
[2.900s] DEBUG:colcon.colcon_parallel_executor.executor.parallel:closing loop
[2.900s] DEBUG:colcon.colcon_parallel_executor.executor.parallel:loop closed
[2.900s] DEBUG:colcon.colcon_parallel_executor.executor.parallel:run_until_complete finished with '0'
[2.900s] DEBUG:colcon.colcon_core.event_reactor:joining thread
[2.945s] INFO:colcon.colcon_core.plugin_system:Skipping extension 'colcon_notification.desktop_notification.notify_send': Could not find 'notify-send'
[2.945s] INFO:colcon.colcon_core.plugin_system:Skipping extension 'colcon_notification.desktop_notification.terminal_notifier': Not used on non-Darwin systems
[2.945s] INFO:colcon.colcon_core.plugin_system:Skipping extension 'colcon_notification.desktop_notification.win32': Not used on non-Windows systems
[2.945s] INFO:colcon.colcon_notification.desktop_notification:Sending desktop notification using 'notify2'
[2.946s] DEBUG:colcon.colcon_notification.desktop_notification.notify2:Failed to initialize notify2: org.freedesktop.DBus.Error.ServiceUnknown: The name org.freedesktop.Notifications was not provided by any .service files
[2.946s] DEBUG:colcon.colcon_core.event_reactor:joined thread
[2.947s] INFO:colcon.colcon_core.shell:Creating prefix script '/home/jiannaliu01/ros_fairmot_package/install/local_setup.ps1'
[3.102s] INFO:colcon.colcon_core.shell:Creating prefix util module '/home/jiannaliu01/ros_fairmot_package/install/_local_setup_util_ps1.py'
[3.104s] INFO:colcon.colcon_core.shell:Creating prefix chain script '/home/jiannaliu01/ros_fairmot_package/install/setup.ps1'
[3.107s] INFO:colcon.colcon_core.shell:Creating prefix script '/home/jiannaliu01/ros_fairmot_package/install/local_setup.sh'
[3.108s] INFO:colcon.colcon_core.shell:Creating prefix util module '/home/jiannaliu01/ros_fairmot_package/install/_local_setup_util_sh.py'
[3.109s] INFO:colcon.colcon_core.shell:Creating prefix chain script '/home/jiannaliu01/ros_fairmot_package/install/setup.sh'
[3.111s] INFO:colcon.colcon_core.shell:Creating prefix script '/home/jiannaliu01/ros_fairmot_package/install/local_setup.bash'
[3.112s] INFO:colcon.colcon_core.shell:Creating prefix chain script '/home/jiannaliu01/ros_fairmot_package/install/setup.bash'
[3.115s] INFO:colcon.colcon_core.shell:Creating prefix script '/home/jiannaliu01/ros_fairmot_package/install/local_setup.zsh'
[3.116s] INFO:colcon.colcon_core.shell:Creating prefix chain script '/home/jiannaliu01/ros_fairmot_package/install/setup.zsh'
